\BOOKMARK [0][-]{part.1}{\376\377\000I\000\040\000Q\000u\000e\000l\000q\000u\000e\000s\000\040\000c\000o\000n\000s\000i\000g\000n\000e\000s\000\040\000e\000t\000\040\000c\000o\000n\000s\000e\000i\000l\000s}{}% 1
\BOOKMARK [1][-]{section.1}{\376\377\000I\000n\000t\000r\000o\000d\000u\000c\000t\000i\000o\000n}{part.1}% 2
\BOOKMARK [1][-]{section.2}{\376\377\000L\000'\000o\000u\000t\000i\000l\000\040\000d\000'\000\351\000d\000i\000t\000i\000o\000n\000:\000\040\000L\000a\000T\000e\000X\000\040\000f\000o\000r\000t\000e\000m\000e\000n\000t\000\040\000r\000e\000c\000o\000m\000m\000a\000n\000d\000\351}{part.1}% 3
\BOOKMARK [1][-]{section.3}{\376\377\000S\000t\000r\000u\000c\000t\000u\000r\000e\000\040\000e\000t\000\040\000p\000l\000a\000n\000\040\000d\000e\000\040\000v\000o\000t\000r\000e\000\040\000r\000a\000p\000p\000o\000r\000t}{part.1}% 4
\BOOKMARK [2][-]{subsection.3.1}{\376\377\000L\000e\000\040\000r\000\351\000s\000u\000m\000\351\000:\000\040\000d\000o\000n\000n\000e\000r\000\040\000e\000n\000v\000i\000e\000\040\000d\000e\000\040\000l\000i\000r\000e\000\040\000v\000o\000t\000r\000e\000\040\000r\000a\000p\000p\000o\000r\000t}{section.3}% 5
\BOOKMARK [2][-]{subsection.3.2}{\376\377\000L\000'\000i\000n\000t\000r\000o\000d\000u\000c\000t\000i\000o\000n\000:\000\040\000c\000'\000e\000s\000t\000\040\000l\000'\000o\000u\000v\000e\000r\000t\000u\000r\000e}{section.3}% 6
\BOOKMARK [2][-]{subsection.3.3}{\376\377\000L\000'\000\351\000t\000a\000t\000\040\000d\000e\000\040\000l\000'\000a\000r\000t\000:\000\040\000v\000o\000t\000r\000e\000\040\000e\000s\000p\000r\000i\000t\000\040\000d\000e\000\040\000s\000y\000n\000t\000h\000\350\000s\000e}{section.3}% 7
\BOOKMARK [2][-]{subsection.3.4}{\376\377\000L\000a\000\040\000b\000i\000b\000l\000i\000o\000g\000r\000a\000p\000h\000i\000e\000:\000\040\000\340\000\040\000c\000h\000o\000i\000s\000i\000r\000\040\000a\000v\000e\000c\000\040\000s\000o\000i\000n}{section.3}% 8
\BOOKMARK [2][-]{subsection.3.5}{\376\377\000L\000a\000\040\000c\000o\000n\000c\000l\000u\000s\000i\000o\000n\000:\000\040\000l\000a\000\040\000s\000e\000c\000t\000i\000o\000n\000\040\000q\000u\000e\000\040\000t\000o\000u\000t\000\040\000l\000e\000\040\000m\000o\000n\000d\000e\000\040\000l\000i\000r\000a}{section.3}% 9
\BOOKMARK [2][-]{subsection.3.6}{\376\377\000P\000l\000a\000n\000\040\000s\000u\000g\000g\000\351\000r\000\351\000\040\000p\000o\000u\000r\000\040\000l\000e\000\040\000T\000E\000R}{section.3}% 10
\BOOKMARK [1][-]{section.4}{\376\377\000Q\000u\000e\000l\000q\000u\000e\000s\000\040\000c\000o\000n\000s\000i\000g\000n\000e\000s\000\040\000d\000e\000\040\000r\000\351\000d\000a\000c\000t\000i\000o\000n}{part.1}% 11
\BOOKMARK [2][-]{subsection.4.1}{\376\377\000L\000a\000\040\000t\000y\000p\000o\000g\000r\000a\000p\000h\000i\000e}{section.4}% 12
\BOOKMARK [2][-]{subsection.4.2}{\376\377\000L\000e\000s\000\040\000r\000\351\000f\000\351\000r\000e\000n\000c\000e\000s}{section.4}% 13
\BOOKMARK [2][-]{subsection.4.3}{\376\377\000F\000o\000r\000m\000a\000t\000\040\000e\000t\000\040\000u\000s\000a\000g\000e\000\040\000d\000e\000s\000\040\000c\000o\000u\000l\000e\000u\000r\000s\000\040\000p\000o\000u\000r\000\040\000l\000e\000s\000\040\000f\000i\000g\000u\000r\000e\000s\000,\000\040\000g\000r\000a\000p\000h\000i\000q\000u\000e\000s\000,\000\040\000i\000m\000a\000g\000e\000s\000,\000\040\000p\000h\000o\000t\000o\000s\000\040\000e\000t\000\040\000p\000r\000i\000s\000e\000s\000\040\000d\000'\000\351\000c\000r\000a\000n}{section.4}% 14
\BOOKMARK [1][-]{section.5}{\376\377\000L\000'\000\351\000c\000r\000i\000t\000u\000r\000e\000\040\000f\000o\000r\000m\000e\000l\000l\000e\000\040\000d\000e\000s\000\040\000i\000d\000\351\000e\000s}{part.1}% 15
\BOOKMARK [0][-]{part.2}{\376\377\000I\000I\000\040\000E\000x\000e\000m\000p\000l\000e\000s\000\040\000d\000'\000u\000t\000i\000l\000i\000s\000a\000t\000i\000o\000n\000\040\000d\000e\000\040\000L\000a\000T\000e\000X}{}% 16
\BOOKMARK [1][-]{section.6}{\376\377\000O\000r\000g\000a\000n\000i\000s\000a\000t\000i\000o\000n\000\040\000d\000u\000\040\000d\000o\000c\000u\000m\000e\000n\000t}{part.2}% 17
\BOOKMARK [1][-]{section.7}{\376\377\000E\000n\000t\000\352\000t\000e\000\040\000e\000t\000\040\000p\000i\000e\000d\000\040\000d\000e\000\040\000p\000a\000g\000e}{part.2}% 18
\BOOKMARK [1][-]{section.8}{\376\377\000M\000i\000s\000e\000\040\000e\000n\000\040\000f\000o\000r\000m\000e\000\040\000d\000u\000\040\000t\000e\000x\000t\000e}{part.2}% 19
\BOOKMARK [2][-]{subsection.8.1}{\376\377\000T\000a\000i\000l\000l\000e\000\040\000d\000u\000\040\000t\000e\000x\000t\000e}{section.8}% 20
\BOOKMARK [2][-]{subsection.8.2}{\376\377\000F\000o\000r\000m\000e\000,\000\040\000g\000r\000a\000i\000s\000s\000e\000\040\000e\000t\000\040\000p\000o\000l\000i\000c\000e\000\040\000d\000u\000\040\000t\000e\000x\000t\000e}{section.8}% 21
\BOOKMARK [2][-]{subsection.8.3}{\376\377\000C\000o\000u\000l\000e\000u\000r}{section.8}% 22
\BOOKMARK [1][-]{section.9}{\376\377\000L\000i\000s\000t\000e\000s}{part.2}% 23
\BOOKMARK [2][-]{subsection.9.1}{\376\377\000L\000i\000s\000t\000e\000s\000\040\000\340\000\040\000p\000u\000c\000e\000s}{section.9}% 24
\BOOKMARK [2][-]{subsection.9.2}{\376\377\000L\000i\000s\000t\000e\000s\000\040\000o\000r\000d\000o\000n\000n\000\351\000e\000s}{section.9}% 25
\BOOKMARK [2][-]{subsection.9.3}{\376\377\000D\000e\000s\000c\000r\000i\000p\000t\000i\000o\000n\000s}{section.9}% 26
\BOOKMARK [1][-]{section.10}{\376\377\000C\000i\000t\000a\000t\000i\000o\000n\000s\000\040\000e\000t\000\040\000r\000\351\000f\000\351\000r\000e\000n\000c\000e\000s}{part.2}% 27
\BOOKMARK [2][-]{subsection.10.1}{\376\377\000B\000i\000b\000l\000i\000o\000g\000r\000a\000p\000h\000i\000e\000s}{section.10}% 28
\BOOKMARK [2][-]{subsection.10.2}{\376\377\000R\000\351\000f\000\351\000r\000e\000n\000c\000e\000s}{section.10}% 29
\BOOKMARK [1][-]{section.11}{\376\377\000T\000h\000\351\000o\000r\000\350\000m\000e\000s}{part.2}% 30
\BOOKMARK [1][-]{section.12}{\376\377\000T\000a\000b\000l\000e\000s\000\040\000e\000t\000\040\000f\000i\000g\000u\000r\000e\000s}{part.2}% 31
\BOOKMARK [1][-]{section.13}{\376\377\000M\000a\000t\000h\000\351\000m\000a\000t\000i\000q\000u\000e\000s}{part.2}% 32
\BOOKMARK [1][-]{section.14}{\376\377\000A\000l\000g\000o\000r\000i\000t\000h\000m\000e\000s}{part.2}% 33
\BOOKMARK [1][-]{section.15}{\376\377\000C\000o\000m\000m\000a\000n\000d\000e\000s\000\040\000p\000e\000r\000s\000o\000n\000n\000e\000l\000l\000e\000s}{part.2}% 34
\BOOKMARK [1][-]{appendix.A}{\376\377\000C\000o\000m\000p\000l\000\351\000m\000e\000n\000t\000s\000\040\000s\000u\000r\000\040\000l\000a\000\040\000b\000i\000b\000l\000i\000o\000g\000r\000a\000p\000h\000i\000e}{part.2}% 35
